<?xml version="1.0" encoding="UTF-8"?>
<!-- Generated by org.testng.reporters.JUnitXMLReporter -->
<testsuite hostname="LAPTOP-ADI14KG2" ignored="2" name="Default test" tests="1" failures="0" timestamp="2019-10-17T22:56:22 EDT" time="3.955" errors="0">
  <testcase name="Login_with_invalid_userid" time="3.918" classname="com.automationpractice.login.LoginTests"/>
  <testcase name="testOne" time="0.0" classname="com.automationpractice.login.LoginTests">
    <ignored/>
  </testcase> <!-- testOne -->
  <testcase name="Login_with_invalid_userid_2" time="0.0" classname="com.automationpractice.login.LoginTests">
    <ignored/>
  </testcase> <!-- Login_with_invalid_userid_2 -->
</testsuite> <!-- Default test -->
